May 20, 2024 8:03:29 AM cs.cvut.fel.pjv.demo.OdysseyOfRealms loadOverworldFromSave
INFO: loaded overworld successfully
May 20, 2024 8:03:29 AM cs.cvut.fel.pjv.demo.OdysseyOfRealms clearHP
INFO: cleared all hearts from screen
May 20, 2024 8:03:29 AM cs.cvut.fel.pjv.demo.OdysseyOfRealms updateHP
INFO: updated hearts based on players HP
May 20, 2024 8:03:29 AM cs.cvut.fel.pjv.demo.OdysseyOfRealms loadPlayer
INFO: loaded player successfully
May 20, 2024 8:03:30 AM cs.cvut.fel.pjv.demo.OdysseyOfRealms loadNPC
INFO: loaded NPC successfully
May 20, 2024 8:03:30 AM cs.cvut.fel.pjv.demo.OdysseyOfRealms clearHotbar
INFO: cleared images from hot bar
May 20, 2024 8:03:30 AM cs.cvut.fel.pjv.demo.OdysseyOfRealms fillHotbar
INFO: filled hot bar with images of player's hot bar
May 20, 2024 8:03:30 AM cs.cvut.fel.pjv.demo.OdysseyOfRealms loadGame
INFO: loaded whole game
May 20, 2024 8:03:31 AM cs.cvut.fel.pjv.demo.OdysseyOfRealms$1 handle
INFO: 4 was pressed
May 20, 2024 8:03:31 AM cs.cvut.fel.pjv.demo.OdysseyOfRealms setFocusOnHotbar
INFO: new focus is set on hot bar
May 20, 2024 8:03:31 AM cs.cvut.fel.pjv.demo.OdysseyOfRealms setSelectedItemIcon
INFO: new cursor is set
May 20, 2024 8:03:32 AM cs.cvut.fel.pjv.demo.OdysseyOfRealms$1 handle
INFO: 3 was pressed
May 20, 2024 8:03:32 AM cs.cvut.fel.pjv.demo.OdysseyOfRealms setFocusOnHotbar
INFO: new focus is set on hot bar
May 20, 2024 8:03:32 AM cs.cvut.fel.pjv.demo.OdysseyOfRealms setSelectedItemIcon
INFO: new cursor is set
May 20, 2024 8:03:33 AM cs.cvut.fel.pjv.demo.OdysseyOfRealms addBlockToScreen
INFO: Block added to screen to positon2723
May 20, 2024 8:03:33 AM cs.cvut.fel.pjv.demo.OdysseyOfRealms clearHotbar
INFO: cleared images from hot bar
May 20, 2024 8:03:33 AM cs.cvut.fel.pjv.demo.OdysseyOfRealms fillHotbar
INFO: filled hot bar with images of player's hot bar
May 20, 2024 8:03:33 AM cs.cvut.fel.pjv.demo.OdysseyOfRealms$2 handle
INFO: a block was built
May 20, 2024 8:03:34 AM cs.cvut.fel.pjv.demo.OdysseyOfRealms clearHotbar
INFO: cleared images from hot bar
May 20, 2024 8:03:34 AM cs.cvut.fel.pjv.demo.OdysseyOfRealms fillHotbar
INFO: filled hot bar with images of player's hot bar
May 20, 2024 8:10:31 AM cs.cvut.fel.pjv.demo.OdysseyOfRealms loadOverworldFromSave
INFO: loaded overworld successfully
May 20, 2024 8:10:31 AM cs.cvut.fel.pjv.demo.OdysseyOfRealms clearHP
INFO: cleared all hearts from screen
May 20, 2024 8:10:31 AM cs.cvut.fel.pjv.demo.OdysseyOfRealms updateHP
INFO: updated hearts based on players HP
May 20, 2024 8:10:31 AM cs.cvut.fel.pjv.demo.OdysseyOfRealms loadPlayer
INFO: loaded player successfully
May 20, 2024 8:10:31 AM cs.cvut.fel.pjv.demo.OdysseyOfRealms loadNPC
INFO: loaded NPC successfully
May 20, 2024 8:10:31 AM cs.cvut.fel.pjv.demo.OdysseyOfRealms clearHotbar
INFO: cleared images from hot bar
May 20, 2024 8:10:31 AM cs.cvut.fel.pjv.demo.OdysseyOfRealms fillHotbar
INFO: filled hot bar with images of player's hot bar
May 20, 2024 8:10:31 AM cs.cvut.fel.pjv.demo.OdysseyOfRealms loadGame
INFO: loaded whole game
May 20, 2024 8:10:42 AM cs.cvut.fel.pjv.demo.OdysseyOfRealms$1 handle
INFO: D was pressed
May 20, 2024 8:10:42 AM cs.cvut.fel.pjv.demo.OdysseyOfRealms viewPlayer
INFO: changed player's view to-270300
May 20, 2024 8:10:42 AM cs.cvut.fel.pjv.demo.OdysseyOfRealms$1 handle
INFO: player moved right
May 20, 2024 8:10:42 AM cs.cvut.fel.pjv.demo.OdysseyOfRealms isFalling
INFO: player just falled
May 20, 2024 8:10:50 AM cs.cvut.fel.pjv.demo.OdysseyOfRealms$1 handle
INFO: D was pressed
May 20, 2024 8:10:50 AM cs.cvut.fel.pjv.demo.OdysseyOfRealms viewPlayer
INFO: changed player's view to-240300
May 20, 2024 8:10:50 AM cs.cvut.fel.pjv.demo.OdysseyOfRealms$1 handle
INFO: player moved right
May 20, 2024 8:10:50 AM cs.cvut.fel.pjv.demo.OdysseyOfRealms$1 handle
INFO: D was pressed
May 20, 2024 8:10:50 AM cs.cvut.fel.pjv.demo.OdysseyOfRealms viewPlayer
INFO: changed player's view to-210300
May 20, 2024 8:10:50 AM cs.cvut.fel.pjv.demo.OdysseyOfRealms$1 handle
INFO: player moved right
May 20, 2024 8:10:50 AM cs.cvut.fel.pjv.demo.OdysseyOfRealms isFalling
INFO: player just falled
May 20, 2024 8:10:50 AM cs.cvut.fel.pjv.demo.OdysseyOfRealms$1 handle
INFO: D was pressed
May 20, 2024 8:10:50 AM cs.cvut.fel.pjv.demo.OdysseyOfRealms viewPlayer
INFO: changed player's view to-180300
May 20, 2024 8:10:50 AM cs.cvut.fel.pjv.demo.OdysseyOfRealms$1 handle
INFO: player moved right
May 20, 2024 8:10:50 AM cs.cvut.fel.pjv.demo.OdysseyOfRealms$1 handle
INFO: W was pressed
May 20, 2024 8:10:50 AM cs.cvut.fel.pjv.demo.OdysseyOfRealms viewPlayer
INFO: changed player's view to-180270
May 20, 2024 8:10:50 AM cs.cvut.fel.pjv.demo.OdysseyOfRealms viewPlayer
INFO: changed player's view to-180300
May 20, 2024 8:10:50 AM cs.cvut.fel.pjv.demo.OdysseyOfRealms isFalling
INFO: player just falled
May 20, 2024 8:10:51 AM cs.cvut.fel.pjv.demo.OdysseyOfRealms$1 handle
INFO: D was pressed
May 20, 2024 8:10:51 AM cs.cvut.fel.pjv.demo.OdysseyOfRealms$1 handle
INFO: W was pressed
May 20, 2024 8:10:51 AM cs.cvut.fel.pjv.demo.OdysseyOfRealms viewPlayer
INFO: changed player's view to-180270
May 20, 2024 8:10:51 AM cs.cvut.fel.pjv.demo.OdysseyOfRealms$1 handle
INFO: D was pressed
May 20, 2024 8:10:51 AM cs.cvut.fel.pjv.demo.OdysseyOfRealms viewPlayer
INFO: changed player's view to-150270
May 20, 2024 8:10:51 AM cs.cvut.fel.pjv.demo.OdysseyOfRealms$1 handle
INFO: player moved right
May 20, 2024 8:10:52 AM cs.cvut.fel.pjv.demo.OdysseyOfRealms isFalling
INFO: player just falled
May 20, 2024 8:10:52 AM cs.cvut.fel.pjv.demo.OdysseyOfRealms$1 handle
INFO: D was pressed
May 20, 2024 8:10:52 AM cs.cvut.fel.pjv.demo.OdysseyOfRealms viewPlayer
INFO: changed player's view to-120270
May 20, 2024 8:10:52 AM cs.cvut.fel.pjv.demo.OdysseyOfRealms$1 handle
INFO: player moved right
May 20, 2024 8:10:52 AM cs.cvut.fel.pjv.demo.OdysseyOfRealms viewPlayer
INFO: changed player's view to-120300
May 20, 2024 8:10:52 AM cs.cvut.fel.pjv.demo.OdysseyOfRealms isFalling
INFO: player just falled
May 20, 2024 8:10:53 AM cs.cvut.fel.pjv.demo.OdysseyOfRealms$1 handle
INFO: D was pressed
May 20, 2024 8:10:53 AM cs.cvut.fel.pjv.demo.OdysseyOfRealms viewPlayer
INFO: changed player's view to-90300
May 20, 2024 8:10:53 AM cs.cvut.fel.pjv.demo.OdysseyOfRealms$1 handle
INFO: player moved right
May 20, 2024 8:10:53 AM cs.cvut.fel.pjv.demo.OdysseyOfRealms isFalling
INFO: player just falled
May 20, 2024 8:10:53 AM cs.cvut.fel.pjv.demo.OdysseyOfRealms$1 handle
INFO: D was pressed
May 20, 2024 8:10:53 AM cs.cvut.fel.pjv.demo.OdysseyOfRealms viewPlayer
INFO: changed player's view to-60300
May 20, 2024 8:10:53 AM cs.cvut.fel.pjv.demo.OdysseyOfRealms$1 handle
INFO: player moved right
May 20, 2024 8:10:53 AM cs.cvut.fel.pjv.demo.OdysseyOfRealms$1 handle
INFO: D was pressed
May 20, 2024 8:10:53 AM cs.cvut.fel.pjv.demo.OdysseyOfRealms viewPlayer
INFO: changed player's view to-30300
May 20, 2024 8:10:53 AM cs.cvut.fel.pjv.demo.OdysseyOfRealms$1 handle
INFO: player moved right
May 20, 2024 8:10:53 AM cs.cvut.fel.pjv.demo.OdysseyOfRealms$1 handle
INFO: D was pressed
May 20, 2024 8:10:53 AM cs.cvut.fel.pjv.demo.OdysseyOfRealms viewPlayer
INFO: changed player's view to0300
May 20, 2024 8:10:53 AM cs.cvut.fel.pjv.demo.OdysseyOfRealms$1 handle
INFO: player moved right
May 20, 2024 8:10:54 AM cs.cvut.fel.pjv.demo.OdysseyOfRealms$1 handle
INFO: D was pressed
May 20, 2024 8:10:54 AM cs.cvut.fel.pjv.demo.OdysseyOfRealms viewPlayer
INFO: changed player's view to30300
May 20, 2024 8:10:54 AM cs.cvut.fel.pjv.demo.OdysseyOfRealms$1 handle
INFO: player moved right
May 20, 2024 8:10:54 AM cs.cvut.fel.pjv.demo.OdysseyOfRealms$1 handle
INFO: D was pressed
May 20, 2024 8:10:54 AM cs.cvut.fel.pjv.demo.OdysseyOfRealms viewPlayer
INFO: changed player's view to60300
May 20, 2024 8:10:54 AM cs.cvut.fel.pjv.demo.OdysseyOfRealms$1 handle
INFO: player moved right
May 20, 2024 8:10:54 AM cs.cvut.fel.pjv.demo.OdysseyOfRealms$1 handle
INFO: D was pressed
May 20, 2024 8:10:54 AM cs.cvut.fel.pjv.demo.OdysseyOfRealms viewPlayer
INFO: changed player's view to90300
May 20, 2024 8:10:54 AM cs.cvut.fel.pjv.demo.OdysseyOfRealms$1 handle
INFO: player moved right
May 20, 2024 8:10:54 AM cs.cvut.fel.pjv.demo.OdysseyOfRealms$1 handle
INFO: D was pressed
May 20, 2024 8:10:54 AM cs.cvut.fel.pjv.demo.OdysseyOfRealms viewPlayer
INFO: changed player's view to120300
May 20, 2024 8:10:54 AM cs.cvut.fel.pjv.demo.OdysseyOfRealms$1 handle
INFO: player moved right
May 20, 2024 8:10:54 AM cs.cvut.fel.pjv.demo.OdysseyOfRealms$1 handle
INFO: D was pressed
May 20, 2024 8:10:54 AM cs.cvut.fel.pjv.demo.OdysseyOfRealms viewPlayer
INFO: changed player's view to150300
May 20, 2024 8:10:54 AM cs.cvut.fel.pjv.demo.OdysseyOfRealms$1 handle
INFO: player moved right
May 20, 2024 8:10:54 AM cs.cvut.fel.pjv.demo.OdysseyOfRealms$1 handle
INFO: D was pressed
May 20, 2024 8:10:54 AM cs.cvut.fel.pjv.demo.OdysseyOfRealms viewPlayer
INFO: changed player's view to180300
May 20, 2024 8:10:54 AM cs.cvut.fel.pjv.demo.OdysseyOfRealms$1 handle
INFO: player moved right
May 20, 2024 8:10:54 AM cs.cvut.fel.pjv.demo.OdysseyOfRealms$1 handle
INFO: D was pressed
May 20, 2024 8:10:54 AM cs.cvut.fel.pjv.demo.OdysseyOfRealms viewPlayer
INFO: changed player's view to210300
May 20, 2024 8:10:54 AM cs.cvut.fel.pjv.demo.OdysseyOfRealms$1 handle
INFO: player moved right
May 20, 2024 8:10:54 AM cs.cvut.fel.pjv.demo.OdysseyOfRealms isFalling
INFO: player just falled
May 20, 2024 8:10:54 AM cs.cvut.fel.pjv.demo.OdysseyOfRealms$1 handle
INFO: D was pressed
May 20, 2024 8:10:54 AM cs.cvut.fel.pjv.demo.OdysseyOfRealms viewPlayer
INFO: changed player's view to240300
May 20, 2024 8:10:54 AM cs.cvut.fel.pjv.demo.OdysseyOfRealms$1 handle
INFO: player moved right
May 20, 2024 8:10:54 AM cs.cvut.fel.pjv.demo.OdysseyOfRealms$1 handle
INFO: D was pressed
May 20, 2024 8:10:54 AM cs.cvut.fel.pjv.demo.OdysseyOfRealms viewPlayer
INFO: changed player's view to270300
May 20, 2024 8:10:54 AM cs.cvut.fel.pjv.demo.OdysseyOfRealms$1 handle
INFO: player moved right
May 20, 2024 8:10:54 AM cs.cvut.fel.pjv.demo.OdysseyOfRealms$1 handle
INFO: D was pressed
May 20, 2024 8:10:54 AM cs.cvut.fel.pjv.demo.OdysseyOfRealms viewPlayer
INFO: changed player's view to300300
May 20, 2024 8:10:54 AM cs.cvut.fel.pjv.demo.OdysseyOfRealms$1 handle
INFO: player moved right
May 20, 2024 8:10:54 AM cs.cvut.fel.pjv.demo.OdysseyOfRealms$1 handle
INFO: D was pressed
May 20, 2024 8:10:54 AM cs.cvut.fel.pjv.demo.OdysseyOfRealms viewPlayer
INFO: changed player's view to330300
May 20, 2024 8:10:54 AM cs.cvut.fel.pjv.demo.OdysseyOfRealms$1 handle
INFO: player moved right
May 20, 2024 8:10:54 AM cs.cvut.fel.pjv.demo.OdysseyOfRealms$1 handle
INFO: D was pressed
May 20, 2024 8:10:54 AM cs.cvut.fel.pjv.demo.OdysseyOfRealms viewPlayer
INFO: changed player's view to360300
May 20, 2024 8:10:54 AM cs.cvut.fel.pjv.demo.OdysseyOfRealms$1 handle
INFO: player moved right
May 20, 2024 8:10:54 AM cs.cvut.fel.pjv.demo.OdysseyOfRealms isFalling
INFO: player just falled
May 20, 2024 8:16:46 AM cs.cvut.fel.pjv.demo.OdysseyOfRealms loadOverworldFromSave
INFO: loaded overworld successfully
May 20, 2024 8:16:46 AM cs.cvut.fel.pjv.demo.OdysseyOfRealms clearHP
INFO: cleared all hearts from screen
May 20, 2024 8:16:46 AM cs.cvut.fel.pjv.demo.OdysseyOfRealms updateHP
INFO: updated hearts based on players HP
May 20, 2024 8:16:46 AM cs.cvut.fel.pjv.demo.OdysseyOfRealms loadPlayer
INFO: loaded player successfully
May 20, 2024 8:16:46 AM cs.cvut.fel.pjv.demo.OdysseyOfRealms loadNPC
INFO: loaded NPC successfully
May 20, 2024 8:16:46 AM cs.cvut.fel.pjv.demo.OdysseyOfRealms clearHotbar
INFO: cleared images from hot bar
May 20, 2024 8:16:46 AM cs.cvut.fel.pjv.demo.OdysseyOfRealms fillHotbar
INFO: filled hot bar with images of player's hot bar
May 20, 2024 8:16:46 AM cs.cvut.fel.pjv.demo.OdysseyOfRealms loadGame
INFO: loaded whole game
May 20, 2024 8:20:26 AM cs.cvut.fel.pjv.demo.OdysseyOfRealms loadOverworldFromSave
INFO: loaded overworld successfully
May 20, 2024 8:20:26 AM cs.cvut.fel.pjv.demo.OdysseyOfRealms clearHP
INFO: cleared all hearts from screen
May 20, 2024 8:20:26 AM cs.cvut.fel.pjv.demo.OdysseyOfRealms updateHP
INFO: updated hearts based on players HP
May 20, 2024 8:20:26 AM cs.cvut.fel.pjv.demo.OdysseyOfRealms loadPlayer
INFO: loaded player successfully
May 20, 2024 8:20:26 AM cs.cvut.fel.pjv.demo.OdysseyOfRealms loadNPC
INFO: loaded NPC successfully
May 20, 2024 8:20:26 AM cs.cvut.fel.pjv.demo.OdysseyOfRealms clearHotbar
INFO: cleared images from hot bar
May 20, 2024 8:20:26 AM cs.cvut.fel.pjv.demo.OdysseyOfRealms fillHotbar
INFO: filled hot bar with images of player's hot bar
May 20, 2024 8:20:26 AM cs.cvut.fel.pjv.demo.OdysseyOfRealms loadGame
INFO: loaded whole game
May 20, 2024 8:20:30 AM cs.cvut.fel.pjv.demo.OdysseyOfRealms toggleLogging
INFO: Logging disabled
May 20, 2024 8:20:34 AM cs.cvut.fel.pjv.demo.OdysseyOfRealms$1 handle
INFO: D was pressed
May 20, 2024 8:20:34 AM cs.cvut.fel.pjv.demo.OdysseyOfRealms viewPlayer
INFO: changed player's view to-270300
May 20, 2024 8:20:34 AM cs.cvut.fel.pjv.demo.OdysseyOfRealms$1 handle
INFO: player moved right
May 20, 2024 8:20:34 AM cs.cvut.fel.pjv.demo.OdysseyOfRealms$1 handle
INFO: D was pressed
May 20, 2024 8:20:34 AM cs.cvut.fel.pjv.demo.OdysseyOfRealms viewPlayer
INFO: changed player's view to-240300
May 20, 2024 8:20:34 AM cs.cvut.fel.pjv.demo.OdysseyOfRealms$1 handle
INFO: player moved right
May 20, 2024 8:20:34 AM cs.cvut.fel.pjv.demo.OdysseyOfRealms isFalling
INFO: player just falled
May 20, 2024 8:20:41 AM cs.cvut.fel.pjv.demo.OdysseyOfRealms toggleLogging
INFO: Logging enabled
May 20, 2024 8:20:51 AM cs.cvut.fel.pjv.demo.OdysseyOfRealms toggleLogging
INFO: Logging disabled
May 20, 2024 8:20:52 AM cs.cvut.fel.pjv.demo.OdysseyOfRealms toggleLogging
INFO: Logging enabled
May 20, 2024 8:20:52 AM cs.cvut.fel.pjv.demo.OdysseyOfRealms toggleLogging
INFO: Logging disabled
May 20, 2024 8:20:53 AM cs.cvut.fel.pjv.demo.OdysseyOfRealms toggleLogging
INFO: Logging enabled
May 20, 2024 8:20:57 AM cs.cvut.fel.pjv.demo.OdysseyOfRealms$1 handle
INFO: D was pressed
May 20, 2024 8:20:57 AM cs.cvut.fel.pjv.demo.OdysseyOfRealms viewPlayer
INFO: changed player's view to-210300
May 20, 2024 8:20:57 AM cs.cvut.fel.pjv.demo.OdysseyOfRealms$1 handle
INFO: player moved right
May 20, 2024 8:20:57 AM cs.cvut.fel.pjv.demo.OdysseyOfRealms isFalling
INFO: player just falled
May 20, 2024 8:21:02 AM cs.cvut.fel.pjv.demo.OdysseyOfRealms toggleLogging
INFO: Logging disabled
May 20, 2024 8:21:07 AM cs.cvut.fel.pjv.demo.OdysseyOfRealms$1 handle
INFO: D was pressed
May 20, 2024 8:21:07 AM cs.cvut.fel.pjv.demo.OdysseyOfRealms viewPlayer
INFO: changed player's view to-180300
May 20, 2024 8:21:07 AM cs.cvut.fel.pjv.demo.OdysseyOfRealms$1 handle
INFO: player moved right
May 20, 2024 8:21:07 AM cs.cvut.fel.pjv.demo.OdysseyOfRealms isFalling
INFO: player just falled
May 20, 2024 8:22:02 AM cs.cvut.fel.pjv.demo.OdysseyOfRealms loadOverworldFromSave
INFO: loaded overworld successfully
May 20, 2024 8:22:02 AM cs.cvut.fel.pjv.demo.OdysseyOfRealms clearHP
INFO: cleared all hearts from screen
May 20, 2024 8:22:02 AM cs.cvut.fel.pjv.demo.OdysseyOfRealms updateHP
INFO: updated hearts based on players HP
May 20, 2024 8:22:02 AM cs.cvut.fel.pjv.demo.OdysseyOfRealms loadPlayer
INFO: loaded player successfully
May 20, 2024 8:22:02 AM cs.cvut.fel.pjv.demo.OdysseyOfRealms loadNPC
INFO: loaded NPC successfully
May 20, 2024 8:22:02 AM cs.cvut.fel.pjv.demo.OdysseyOfRealms clearHotbar
INFO: cleared images from hot bar
May 20, 2024 8:22:02 AM cs.cvut.fel.pjv.demo.OdysseyOfRealms fillHotbar
INFO: filled hot bar with images of player's hot bar
May 20, 2024 8:22:02 AM cs.cvut.fel.pjv.demo.OdysseyOfRealms loadGame
INFO: loaded whole game
May 20, 2024 8:32:10 AM cs.cvut.fel.pjv.demo.OdysseyOfRealms loadOverworldFromSave
INFO: loaded overworld successfully
May 20, 2024 8:32:11 AM cs.cvut.fel.pjv.demo.OdysseyOfRealms clearHP
INFO: cleared all hearts from screen
May 20, 2024 8:32:11 AM cs.cvut.fel.pjv.demo.OdysseyOfRealms updateHP
INFO: updated hearts based on players HP
May 20, 2024 8:32:11 AM cs.cvut.fel.pjv.demo.OdysseyOfRealms loadPlayer
INFO: loaded player successfully
May 20, 2024 8:32:11 AM cs.cvut.fel.pjv.demo.OdysseyOfRealms loadNPC
INFO: loaded NPC successfully
May 20, 2024 8:32:11 AM cs.cvut.fel.pjv.demo.OdysseyOfRealms clearHotbar
INFO: cleared images from hot bar
May 20, 2024 8:32:11 AM cs.cvut.fel.pjv.demo.OdysseyOfRealms fillHotbar
INFO: filled hot bar with images of player's hot bar
May 20, 2024 8:32:11 AM cs.cvut.fel.pjv.demo.OdysseyOfRealms loadGame
INFO: loaded whole game
May 20, 2024 8:32:13 AM cs.cvut.fel.pjv.demo.OdysseyOfRealms$1 handle
INFO: D was pressed
May 20, 2024 8:32:13 AM cs.cvut.fel.pjv.demo.OdysseyOfRealms viewPlayer
INFO: changed player's view to-270300
May 20, 2024 8:32:13 AM cs.cvut.fel.pjv.demo.OdysseyOfRealms$1 handle
INFO: player moved right
May 20, 2024 8:32:13 AM cs.cvut.fel.pjv.demo.OdysseyOfRealms$1 handle
INFO: D was pressed
May 20, 2024 8:32:13 AM cs.cvut.fel.pjv.demo.OdysseyOfRealms viewPlayer
INFO: changed player's view to-240300
May 20, 2024 8:32:13 AM cs.cvut.fel.pjv.demo.OdysseyOfRealms$1 handle
INFO: player moved right
May 20, 2024 8:32:13 AM cs.cvut.fel.pjv.demo.OdysseyOfRealms isFalling
INFO: player just falled
May 20, 2024 8:32:14 AM cs.cvut.fel.pjv.demo.OdysseyOfRealms$1 handle
INFO: D was pressed
May 20, 2024 8:32:14 AM cs.cvut.fel.pjv.demo.OdysseyOfRealms viewPlayer
INFO: changed player's view to-210300
May 20, 2024 8:32:14 AM cs.cvut.fel.pjv.demo.OdysseyOfRealms$1 handle
INFO: player moved right
May 20, 2024 8:32:14 AM cs.cvut.fel.pjv.demo.OdysseyOfRealms isFalling
INFO: player just falled
May 20, 2024 8:32:38 AM cs.cvut.fel.pjv.demo.OdysseyOfRealms toggleLogging
INFO: Logging enabled
May 20, 2024 8:32:39 AM cs.cvut.fel.pjv.demo.OdysseyOfRealms$1 handle
INFO: W was pressed
May 20, 2024 8:32:39 AM cs.cvut.fel.pjv.demo.OdysseyOfRealms viewPlayer
INFO: changed player's view to-210270
May 20, 2024 8:32:40 AM cs.cvut.fel.pjv.demo.OdysseyOfRealms$1 handle
INFO: D was pressed
May 20, 2024 8:32:40 AM cs.cvut.fel.pjv.demo.OdysseyOfRealms viewPlayer
INFO: changed player's view to-180270
May 20, 2024 8:32:40 AM cs.cvut.fel.pjv.demo.OdysseyOfRealms$1 handle
INFO: player moved right
May 20, 2024 8:32:41 AM cs.cvut.fel.pjv.demo.OdysseyOfRealms viewPlayer
INFO: changed player's view to-180300
May 20, 2024 8:32:41 AM cs.cvut.fel.pjv.demo.OdysseyOfRealms isFalling
INFO: player just falled
May 20, 2024 8:32:44 AM cs.cvut.fel.pjv.demo.OdysseyOfRealms$1 handle
INFO: W was pressed
May 20, 2024 8:32:44 AM cs.cvut.fel.pjv.demo.OdysseyOfRealms viewPlayer
INFO: changed player's view to-180270
May 20, 2024 8:32:44 AM cs.cvut.fel.pjv.demo.OdysseyOfRealms$1 handle
INFO: D was pressed
May 20, 2024 8:32:44 AM cs.cvut.fel.pjv.demo.OdysseyOfRealms viewPlayer
INFO: changed player's view to-150270
May 20, 2024 8:32:44 AM cs.cvut.fel.pjv.demo.OdysseyOfRealms$1 handle
INFO: player moved right
May 20, 2024 8:32:44 AM cs.cvut.fel.pjv.demo.OdysseyOfRealms isFalling
INFO: player just falled
May 20, 2024 8:32:45 AM cs.cvut.fel.pjv.demo.OdysseyOfRealms$1 handle
INFO: A was pressed
May 20, 2024 8:32:45 AM cs.cvut.fel.pjv.demo.OdysseyOfRealms viewPlayer
INFO: changed player's view to-180270
May 20, 2024 8:32:45 AM cs.cvut.fel.pjv.demo.OdysseyOfRealms$1 handle
INFO: player moved left
May 20, 2024 8:32:46 AM cs.cvut.fel.pjv.demo.OdysseyOfRealms viewPlayer
INFO: changed player's view to-180300
May 20, 2024 8:32:46 AM cs.cvut.fel.pjv.demo.OdysseyOfRealms isFalling
INFO: player just falled
May 20, 2024 8:32:59 AM cs.cvut.fel.pjv.demo.OdysseyOfRealms$1 handle
INFO: A was pressed
May 20, 2024 8:32:59 AM cs.cvut.fel.pjv.demo.OdysseyOfRealms viewPlayer
INFO: changed player's view to-210300
May 20, 2024 8:32:59 AM cs.cvut.fel.pjv.demo.OdysseyOfRealms$1 handle
INFO: player moved left
May 20, 2024 8:32:59 AM cs.cvut.fel.pjv.demo.OdysseyOfRealms isFalling
INFO: player just falled
May 20, 2024 8:33:04 AM cs.cvut.fel.pjv.demo.OdysseyOfRealms$1 handle
INFO: A was pressed
May 20, 2024 8:33:04 AM cs.cvut.fel.pjv.demo.OdysseyOfRealms viewPlayer
INFO: changed player's view to-240300
May 20, 2024 8:33:04 AM cs.cvut.fel.pjv.demo.OdysseyOfRealms$1 handle
INFO: player moved left
May 20, 2024 8:33:04 AM cs.cvut.fel.pjv.demo.OdysseyOfRealms isFalling
INFO: player just falled
May 20, 2024 8:36:18 AM cs.cvut.fel.pjv.demo.OdysseyOfRealms loadOverworldFromSave
INFO: loaded overworld successfully
May 20, 2024 8:36:19 AM cs.cvut.fel.pjv.demo.OdysseyOfRealms clearHP
INFO: cleared all hearts from screen
May 20, 2024 8:36:19 AM cs.cvut.fel.pjv.demo.OdysseyOfRealms updateHP
INFO: updated hearts based on players HP
May 20, 2024 8:36:19 AM cs.cvut.fel.pjv.demo.OdysseyOfRealms loadPlayer
INFO: loaded player successfully
May 20, 2024 8:36:19 AM cs.cvut.fel.pjv.demo.OdysseyOfRealms loadNPC
INFO: loaded NPC successfully
May 20, 2024 8:36:19 AM cs.cvut.fel.pjv.demo.OdysseyOfRealms clearHotbar
INFO: cleared images from hot bar
May 20, 2024 8:36:19 AM cs.cvut.fel.pjv.demo.OdysseyOfRealms fillHotbar
INFO: filled hot bar with images of player's hot bar
May 20, 2024 8:36:19 AM cs.cvut.fel.pjv.demo.OdysseyOfRealms loadGame
INFO: loaded whole game
May 20, 2024 8:36:26 AM cs.cvut.fel.pjv.demo.OdysseyOfRealms$1 handle
INFO: D was pressed
May 20, 2024 8:36:26 AM cs.cvut.fel.pjv.demo.OdysseyOfRealms viewPlayer
INFO: changed player's view to-270300
May 20, 2024 8:36:26 AM cs.cvut.fel.pjv.demo.OdysseyOfRealms$1 handle
INFO: player moved right
May 20, 2024 8:36:26 AM cs.cvut.fel.pjv.demo.OdysseyOfRealms isFalling
INFO: player just falled
May 20, 2024 8:36:32 AM cs.cvut.fel.pjv.demo.OdysseyOfRealms toggleLogging
INFO: Logging disabled
May 20, 2024 8:36:36 AM cs.cvut.fel.pjv.demo.OdysseyOfRealms toggleLogging
INFO: Logging enabled
May 20, 2024 8:36:42 AM cs.cvut.fel.pjv.demo.OdysseyOfRealms toggleLogging
INFO: Logging disabled
